----------------------------------------
Exception occurred during processing of request from ('127.0.0.1', 49913)
Traceback (most recent call last):
  File "D:\Users\26120081\AppData\Roaming\uv\python\cpython-3.14.5-windows-x86_64-none\Lib\socketserver.py", line 697, in process_request_thread
    self.finish_request(request, client_address)
    ~~~~~~~~~~~~~~~~~~~^^^^^^^^^^^^^^^^^^^^^^^^^
  File "D:\Users\26120081\AppData\Roaming\uv\python\cpython-3.14.5-windows-x86_64-none\Lib\socketserver.py", line 362, in finish_request
    self.RequestHandlerClass(request, client_address, self)
    ~~~~~~~~~~~~~~~~~~~~~~~~^^^^^^^^^^^^^^^^^^^^^^^^^^^^^^^
  File "D:\Users\26120081\OneDrive - ARÇELİK A.Ş\Desktop\Water_Management\Water_Management\Water-Management-remote\Frontend\dev-server.py", line 19, in __init__
    super().__init__(*args, directory=str(ROOT), **kwargs)
    ~~~~~~~~~~~~~~~~^^^^^^^^^^^^^^^^^^^^^^^^^^^^^^^^^^^^^^
  File "D:\Users\26120081\AppData\Roaming\uv\python\cpython-3.14.5-windows-x86_64-none\Lib\http\server.py", line 732, in __init__
    super().__init__(*args, **kwargs)
    ~~~~~~~~~~~~~~~~^^^^^^^^^^^^^^^^^
  File "D:\Users\26120081\AppData\Roaming\uv\python\cpython-3.14.5-windows-x86_64-none\Lib\socketserver.py", line 766, in __init__
    self.handle()
    ~~~~~~~~~~~^^
  File "D:\Users\26120081\AppData\Roaming\uv\python\cpython-3.14.5-windows-x86_64-none\Lib\http\server.py", line 496, in handle
    self.handle_one_request()
    ~~~~~~~~~~~~~~~~~~~~~~~^^
  File "D:\Users\26120081\AppData\Roaming\uv\python\cpython-3.14.5-windows-x86_64-none\Lib\http\server.py", line 484, in handle_one_request
    method()
    ~~~~~~^^
  File "D:\Users\26120081\AppData\Roaming\uv\python\cpython-3.14.5-windows-x86_64-none\Lib\http\server.py", line 739, in do_GET
    self.copyfile(f, self.wfile)
    ~~~~~~~~~~~~~^^^^^^^^^^^^^^^
  File "D:\Users\26120081\AppData\Roaming\uv\python\cpython-3.14.5-windows-x86_64-none\Lib\http\server.py", line 942, in copyfile
    shutil.copyfileobj(source, outputfile)
    ~~~~~~~~~~~~~~~~~~^^^^^^^^^^^^^^^^^^^^
  File "D:\Users\26120081\AppData\Roaming\uv\python\cpython-3.14.5-windows-x86_64-none\Lib\shutil.py", line 257, in copyfileobj
    fdst_write(buf)
    ~~~~~~~~~~^^^^^
  File "D:\Users\26120081\AppData\Roaming\uv\python\cpython-3.14.5-windows-x86_64-none\Lib\socketserver.py", line 845, in write
    self._sock.sendall(b)
    ~~~~~~~~~~~~~~~~~~^^^
ConnectionAbortedError: [WinError 10053] An established connection was aborted by the software in your host machine
----------------------------------------
